<?xml version="1.0" encoding="UTF-8"?>
<testsuite xmlns:xsi="http://www.w3.org/2001/XMLSchema-instance" xsi:noNamespaceSchemaLocation="https://maven.apache.org/surefire/maven-surefire-plugin/xsd/surefire-test-report-3.0.xsd" version="3.0" name="aula_karate.trabalho.Trabalho" time="10.404" tests="6" errors="0" skipped="0" failures="0">
  <properties>
[...]
</properties>
  <testcase name="[1:7] Achando um usuário pelo ID" classname="aula_karate/trabalho/trab" time="2.879">
    <system-out><![CDATA[12:38:30.444 [main] DEBUG com.intuit.karate.Suite - [config] classpath:karate-config.js
12:38:31.735 [main] INFO  com.intuit.karate - karate.env system property was: null 
12:38:32.189 [main] DEBUG com.intuit.karate - request:
1 > GET https://gorest.co.in/public/v2/users
1 > Host: gorest.co.in
1 > Connection: Keep-Alive
1 > User-Agent: Apache-HttpClient/4.5.14 (Java/11.0.16.1)
1 > Accept-Encoding: gzip,deflate


12:38:33.320 [main] DEBUG com.intuit.karate - response time in milliseconds: 1126
1 < 200
1 < Date: Mon, 04 Dec 2023 15:38:32 GMT
1 < Content-Type: application/json; charset=utf-8
1 < Transfer-Encoding: chunked
1 < Connection: keep-alive
1 < Cache-Control: max-age=0, private, must-revalidate
1 < etag: W/"48996d5f996bbc239bd6a701ca97d905"
1 < referrer-policy: strict-origin-when-cross-origin
1 < vary: Origin
1 < x-content-type-options: nosniff
1 < x-download-options: noopen
1 < x-frame-options: SAMEORIGIN
1 < x-links-current: https://gorest.co.in/public/v2/users?page=1
1 < x-links-next: https://gorest.co.in/public/v2/users?page=2
1 < x-links-previous: 
1 < x-pagination-limit: 10
1 < x-pagination-page: 1
1 < x-pagination-pages: 270
1 < x-pagination-total: 2692
1 < x-permitted-cross-domain-policies: none
1 < x-request-id: 2a93b04f-2a98-42cf-9a63-be84a214c6b4
1 < x-runtime: 0.035723
1 < x-xss-protection: 0
1 < CF-Cache-Status: DYNAMIC
1 < Report-To: {"endpoints":[{"url":"https:\/\/a.nel.cloudflare.com\/report\/v3?s=ET5AbpwW%2F1DozDOiG6IYmo9UIXNSL9mMl0edE0I0zpDvriKk%2BAhKiNpljiVVtueWx1G2jfYzjrztU2vzEo75xB3YSYJdfuFtznmHClcWI42tvV2p3A8T1U%2FI4yPZ%2Br4%3D"}],"group":"cf-nel","max_age":604800}
1 < NEL: {"success_fraction":0,"report_to":"cf-nel","max_age":604800}
1 < Server: cloudflare
1 < CF-RAY: 83052312c9dc0b75-AMS
1 < alt-svc: h3=":443"; ma=86400
[{"id":5710561,"name":"Mina Gowda","email":"mina_gowda@mertz-stamm.example","gender":"female","status":"active"},{"id":5710560,"name":"Aasa Varma Ret.","email":"varma_aasa_ret@gusikowski-yost.example","gender":"female","status":"inactive"},{"id":5710559,"name":"The Hon. Bela Devar","email":"bela_devar_hon_the@rowe.test","gender":"male","status":"inactive"},{"id":5710558,"name":"Dhanu Abbott","email":"dhanu_abbott@nicolas-kiehn.example","gender":"male","status":"active"},{"id":5710557,"name":"Gautam Shah","email":"gautam_shah@strosin.test","gender":"male","status":"inactive"},{"id":5710556,"name":"Balagovind Chopra","email":"balagovind_chopra@toy.example","gender":"male","status":"inactive"},{"id":5710555,"name":"Deepali Devar","email":"deepali_devar@considine-christiansen.test","gender":"female","status":"active"},{"id":5710554,"name":"Chaturbhuj Malik","email":"chaturbhuj_malik@hansen-keeling.example","gender":"male","status":"inactive"},{"id":5710553,"name":"Sen. Purnima Verma","email":"purnima_verma_sen@parker.test","gender":"female","status":"active"},{"id":5710552,"name":"Deenabandhu Abbott","email":"deenabandhu_abbott@gleichner.example","gender":"male","status":"inactive"}]

]]></system-out>
  </testcase>
  <testcase name="[2:13] Achando uma postagem pelo ID" classname="aula_karate/trabalho/trab" time="0.449">
    <system-out><![CDATA[12:38:33.383 [main] INFO  com.intuit.karate - karate.env system property was: null 
12:38:33.389 [main] DEBUG com.intuit.karate - request:
1 > GET https://gorest.co.in/public/v2/posts
1 > Host: gorest.co.in
1 > Connection: Keep-Alive
1 > User-Agent: Apache-HttpClient/4.5.14 (Java/11.0.16.1)
1 > Accept-Encoding: gzip,deflate


12:38:33.819 [main] DEBUG com.intuit.karate - response time in milliseconds: 429
1 < 200
1 < Date: Mon, 04 Dec 2023 15:38:33 GMT
1 < Content-Type: application/json; charset=utf-8
1 < Transfer-Encoding: chunked
1 < Connection: keep-alive
1 < Cache-Control: max-age=0, private, must-revalidate
1 < etag: W/"abd9bb1eaf4370af72f4908a8b48f5c8"
1 < referrer-policy: strict-origin-when-cross-origin
1 < vary: Origin
1 < x-content-type-options: nosniff
1 < x-download-options: noopen
1 < x-frame-options: SAMEORIGIN
1 < x-links-current: https://gorest.co.in/public/v2/posts?page=1
1 < x-links-next: https://gorest.co.in/public/v2/posts?page=2
1 < x-links-previous: 
1 < x-pagination-limit: 10
1 < x-pagination-page: 1
1 < x-pagination-pages: 283
1 < x-pagination-total: 2822
1 < x-permitted-cross-domain-policies: none
1 < x-request-id: 71c64bc7-3dba-40e8-82cb-c6ae6b51cd79
1 < x-runtime: 0.034851
1 < x-xss-protection: 0
1 < CF-Cache-Status: DYNAMIC
1 < Report-To: {"endpoints":[{"url":"https:\/\/a.nel.cloudflare.com\/report\/v3?s=3BDnuLgi1qoA2a8IwA7hCB7HK70O5XP20BDauTWC6T0sG15dyKio%2FqFmeMhCUhaYFZ8U1o6g%2F%2FL8VFCWZfnSElnHHixM0KM3cqVGloZG1dL3Vc69NiZdu71AkDQL82Y%3D"}],"group":"cf-nel","max_age":604800}
1 < NEL: {"success_fraction":0,"report_to":"cf-nel","max_age":604800}
1 < Server: cloudflare
1 < CF-RAY: 83052315881e1a98-GRU
1 < alt-svc: h3=":443"; ma=86400
[{"id":87750,"user_id":5808962,"title":"Architecto vestigium candidus enim viscus eius clibanus.","body":"Auditor nihil supplanto. Deorsum contra repellendus. Summopere ver umbra. Synagoga communis rem. Cattus vehemens conscendo. Vesica aliqua conspergo. Tenetur vero demum. Deorsum neque depraedor. Accusator via ultra. Absque demitto inflammatio."},{"id":87749,"user_id":5808961,"title":"Complectus eius vesco acceptus vinculum.","body":"Veritas sunt aperiam. Cicuta eligendi conduco. Aperio antepono sufficio. Acidus alter eum. Alii voveo fugiat. Ager et qui. Adficio spero earum. Acies maxime suscipio. Nobis solus vero. Arceo venio quasi. Ceno contra vulpes. Decimus vomica verumtamen. Civis nobis concido."},{"id":87747,"user_id":5808959,"title":"Cognomen centum voluptatum supellex succedo.","body":"Thema dolorum speciosus. Alioqui crebro ademptio. Super confero sol. Charisma voluptatem cupiditate. Undique pecto adsidue. Volubilis claro altus. Sto campana cum. Cultura suffoco ancilla. Bos abutor aegrotatio. Derideo adfectus substantia. Attonbitus territo avarus. Tener cupiditas debitis. Tondeo comedo damnatio."},{"id":87743,"user_id":5808955,"title":"Aveho tabernus omnis sunt tempora cura.","body":"Voluptatem aliquam sordeo. Adsuesco conventus summa. Officia tepesco maxime. Aperte natus voluptate. Synagoga voluptatem vicissitudo. Desidero solus decipio. Vicinus sursum arcus. Voluptatem vacuus ait. Capillus deleniti patior. Odit accipio amet. Decretum necessitatibus ultra."},{"id":87742,"user_id":5808955,"title":"Subito apostolus aperio natus degero consectetur blanditiis recusandae esse.","body":"Defigo torrens denego. Creta vallum confugo. Ipsa deduco vapulus. Arguo viduo adhuc. Aequus absque et. Quia compono blandior. Constans certo thema. Ustulo pecco campana. Velum dolores tristis. Sum sit ancilla. Amo demulceo natus."},{"id":87740,"user_id":5808952,"title":"Cultura eaque apud auctus sursum verbera.","body":"Error nesciunt confugo. Paens quos tabula. Basium amitto verbera. Pauper caecus apud. Cupiditate paens trucido. Dignissimos crudelis acsi. Desolo varietas in. Auris condico deleo. Perferendis pectus articulus. Sed ab consequuntur. Claudeo eum crastinus. Antiquus amitto compono. Vel conscendo qui. At architecto summisse. Laudantium currus totidem. Damno molestias solitudo. Rerum vitiosus vociferor. Cilicium assentator demum."},{"id":87739,"user_id":5808950,"title":"Temptatio deinde abduco ab cohors sursum quos cuius sint.","body":"Clarus bestia civitas. Curo adamo crux. Totus balbus ex. Victus crapula studio. Sollicito sunt defetiscor. Temeritas decerno subito. Vero ullus caritas. Talus patior absconditus. Benigne quisquam crustulum. Non cresco cado. Suasoria quod tyrannus. Abscido admiratio tego. Aut coruscus quos. Cogito audacia tres. Theatrum ait delego. Arbor delego aequitas. Balbus solus demo."},{"id":87738,"user_id":5808949,"title":"Decipio auditor dolorem caveo earum valens aufero.","body":"Degenero cunabula appello. Caries nisi inventore. Bos vereor vesco. Antiquus succurro derideo. Admiratio crapula ut. Deinde via vivo. Urbanus vulnero suggero. Canto cunabula auctor. Cogo arcesso uter. Advoco apparatus conitor. Vergo via contego. Capitulus catena verumtamen. Vinculum vitiosus tactus. At alioqui delibero. Ut umerus cogo. Denique delibero comedo. Tergeo vesco cuius."},{"id":87737,"user_id":5808949,"title":"Ars aggredior assumenda cunabula tutis.","body":"Cur universe annus. Accipio ventito sol. Tardus vitium patria. Adipiscor impedit copia. Utroque demonstro iste. Deporto nisi adfectus. Tripudio ars apud. Aggero confido aranea. Coaegresco assentator compello. Usus voro vilitas. Velum alter ago."},{"id":87736,"user_id":5808948,"title":"Conventus vel cumque sodalitas caveo.","body":"Aperio catena amplus. Torqueo sto demum. Aegrus ratione degenero. Confido aut calculus. Recusandae comes delectatio. Voluptatem decor ustulo. Arceo cilicium sophismata. Demens quia amaritudo. Theca abbas acceptus. Copia comptus bene. Audeo impedit ascisco. Animadverto studio votum. Caveo conscendo derelinquo. Veniam certus aurum. Admiratio pax comminor. Supra aperio talus."}]

]]></system-out>
  </testcase>
  <testcase name="[3:19] Achando um comentário pelo ID" classname="aula_karate/trabalho/trab" time="1.116">
    <system-out><![CDATA[12:38:33.831 [main] INFO  com.intuit.karate - karate.env system property was: null 
12:38:33.835 [main] DEBUG com.intuit.karate - request:
1 > GET https://gorest.co.in/public/v2/comments
1 > Host: gorest.co.in
1 > Connection: Keep-Alive
1 > User-Agent: Apache-HttpClient/4.5.14 (Java/11.0.16.1)
1 > Accept-Encoding: gzip,deflate


12:38:34.936 [main] DEBUG com.intuit.karate - response time in milliseconds: 1099
1 < 200
1 < Date: Mon, 04 Dec 2023 15:38:34 GMT
1 < Content-Type: application/json; charset=utf-8
1 < Transfer-Encoding: chunked
1 < Connection: keep-alive
1 < Cache-Control: max-age=0, private, must-revalidate
1 < etag: W/"8f7c23acdd2f13d5c0e8d6b43a30c499"
1 < referrer-policy: strict-origin-when-cross-origin
1 < vary: Origin
1 < x-content-type-options: nosniff
1 < x-download-options: noopen
1 < x-frame-options: SAMEORIGIN
1 < x-links-current: https://gorest.co.in/public/v2/comments?page=1
1 < x-links-next: https://gorest.co.in/public/v2/comments?page=2
1 < x-links-previous: 
1 < x-pagination-limit: 10
1 < x-pagination-page: 1
1 < x-pagination-pages: 284
1 < x-pagination-total: 2835
1 < x-permitted-cross-domain-policies: none
1 < x-request-id: d6eafea5-b769-446d-afb8-fd0117c09722
1 < x-runtime: 0.033063
1 < x-xss-protection: 0
1 < CF-Cache-Status: DYNAMIC
1 < Report-To: {"endpoints":[{"url":"https:\/\/a.nel.cloudflare.com\/report\/v3?s=tP2sftITM8T9q%2BSRedUiSO2hcYMwIn54OaML5sAFBJrVQD8YazJ80q508givJOofw%2FihsgdNnRWHtIlGhZxgST3Fomu0%2F3HchgTTdSLTRKL5N9WGwsO2oUosRMzXQ48%3D"}],"group":"cf-nel","max_age":604800}
1 < NEL: {"success_fraction":0,"report_to":"cf-nel","max_age":604800}
1 < Server: cloudflare
1 < CF-RAY: 830523185a1401a7-GRU
1 < alt-svc: h3=":443"; ma=86400
[{"id":71353,"post_id":87749,"name":"Akshat Bandopadhyay DC","email":"akshat_dc_bandopadhyay@beahan.test","body":"Autem nobis id. Voluptatem animi molestiae."},{"id":71343,"post_id":87743,"name":"Narinder Dutta","email":"dutta_narinder@gleichner.example","body":"Ipsa ex laudantium. Culpa dolor quo."},{"id":71341,"post_id":87740,"name":"Devika Varrier","email":"varrier_devika@fritsch-hahn.example","body":"Error ipsum suscipit."},{"id":71340,"post_id":87740,"name":"Suryakantam Pothuvaal","email":"pothuvaal_suryakantam@gislason.example","body":"Fugiat est molestias. Est quae et. Voluptatem corrupti accusantium. Quas in voluptatem."},{"id":71338,"post_id":87738,"name":"Chandini Bhattathiri","email":"chandini_bhattathiri@schmitt-beier.example","body":"Ipsa qui deleniti."},{"id":71337,"post_id":87737,"name":"Vidhya Arora","email":"arora_vidhya@bailey-turcotte.example","body":"Et omnis accusantium."},{"id":71325,"post_id":87659,"name":"Sucheta Pillai","email":"sucheta_pillai@braun.test","body":"Aperiam nostrum odit."},{"id":71321,"post_id":87655,"name":"Rajinder Sharma","email":"rajinder_sharma@carter-rolfson.example","body":"Quos sed ullam. Alias ipsum sed. Officiis suscipit quasi."},{"id":71320,"post_id":87654,"name":"Bhupen Varma","email":"varma_bhupen@wiza-huels.example","body":"Corporis accusamus reiciendis. Iste laudantium aliquam. Est voluptatum quasi. Quidem modi et."},{"id":71319,"post_id":87653,"name":"Bhadran Kocchar","email":"kocchar_bhadran@boyer-cassin.test","body":"Ea molestias eum."}]

]]></system-out>
  </testcase>
  <testcase name="[4:25] Testando retorno com usuário inexistente" classname="aula_karate/trabalho/trab" time="1.136">
    <system-out><![CDATA[12:38:34.948 [main] INFO  com.intuit.karate - karate.env system property was: null 
12:38:34.953 [main] DEBUG com.intuit.karate - request:
1 > GET https://gorest.co.in/public/v2/users/99999999
1 > Host: gorest.co.in
1 > Connection: Keep-Alive
1 > User-Agent: Apache-HttpClient/4.5.14 (Java/11.0.16.1)
1 > Accept-Encoding: gzip,deflate


12:38:36.074 [main] DEBUG com.intuit.karate - response time in milliseconds: 1121
1 < 404
1 < Date: Mon, 04 Dec 2023 15:38:35 GMT
1 < Content-Type: application/json; charset=utf-8
1 < Content-Length: 32
1 < Connection: keep-alive
1 < Cache-Control: no-cache
1 < referrer-policy: strict-origin-when-cross-origin
1 < vary: Origin
1 < x-content-type-options: nosniff
1 < x-download-options: noopen
1 < x-frame-options: SAMEORIGIN
1 < x-permitted-cross-domain-policies: none
1 < x-request-id: d8deb277-4370-45a4-88bb-4eef148ded07
1 < x-runtime: 0.014770
1 < x-xss-protection: 0
1 < CF-Cache-Status: DYNAMIC
1 < Report-To: {"endpoints":[{"url":"https:\/\/a.nel.cloudflare.com\/report\/v3?s=KsqJX4RiVrruPHcRCGLjXy1QmJ8%2B67%2F5GZ0Zybe89drqfsDL2EHdkRe9YKl4LGmL8zjqx5Wmo2aSEvRs0xbQzE%2FuCF6dHMpdkdVd%2BwjDlrjwuryOGr8gffzPhMSvHZ4%3D"}],"group":"cf-nel","max_age":604800}
1 < NEL: {"success_fraction":0,"report_to":"cf-nel","max_age":604800}
1 < Server: cloudflare
1 < CF-RAY: 8305231f7bb272d4-GIG
1 < alt-svc: h3=":443"; ma=86400
{"message":"Resource not found"}

]]></system-out>
  </testcase>
  <testcase name="[5:30] Testando retorno com postagem inexistente" classname="aula_karate/trabalho/trab" time="1.137">
    <system-out><![CDATA[12:38:36.083 [main] INFO  com.intuit.karate - karate.env system property was: null 
12:38:36.087 [main] DEBUG com.intuit.karate - request:
1 > GET https://gorest.co.in/public/v2/posts/99999999
1 > Host: gorest.co.in
1 > Connection: Keep-Alive
1 > User-Agent: Apache-HttpClient/4.5.14 (Java/11.0.16.1)
1 > Accept-Encoding: gzip,deflate


12:38:37.212 [main] DEBUG com.intuit.karate - response time in milliseconds: 1125
1 < 404
1 < Date: Mon, 04 Dec 2023 15:38:36 GMT
1 < Content-Type: application/json; charset=utf-8
1 < Content-Length: 32
1 < Connection: keep-alive
1 < Cache-Control: no-cache
1 < referrer-policy: strict-origin-when-cross-origin
1 < vary: Origin
1 < x-content-type-options: nosniff
1 < x-download-options: noopen
1 < x-frame-options: SAMEORIGIN
1 < x-permitted-cross-domain-policies: none
1 < x-request-id: 4f8f995d-d94e-4d31-81c3-d17cd7ed51f0
1 < x-runtime: 0.028484
1 < x-xss-protection: 0
1 < CF-Cache-Status: DYNAMIC
1 < Report-To: {"endpoints":[{"url":"https:\/\/a.nel.cloudflare.com\/report\/v3?s=4NKj5icjJSwrW5r60zR%2Bl346Rtj3o4KshNYNE8Dck%2Fk3G0tRMd9%2B%2FUICnRGEP9VqJ7thFUqdBRvwWP6mmbpFgm7H2lUFL6o4VCXGLbFv%2BM7O340OgDK8BdUokO2DyBk%3D"}],"group":"cf-nel","max_age":604800}
1 < NEL: {"success_fraction":0,"report_to":"cf-nel","max_age":604800}
1 < Server: cloudflare
1 < CF-RAY: 83052329b8fa2a4d-CDG
1 < alt-svc: h3=":443"; ma=86400
{"message":"Resource not found"}

]]></system-out>
  </testcase>
  <testcase name="[6:36] Tentando criar um usuário" classname="aula_karate/trabalho/trab" time="2.508">
    <system-out><![CDATA[12:38:37.220 [main] INFO  com.intuit.karate - karate.env system property was: null 
12:38:37.343 [main] DEBUG com.intuit.karate - request:
1 > POST https://gorest.co.in/public/v2/users
1 > Authorization: Bearer 12e0063abf302b3dbe94793f3620f8f801714a5c33f62c5503008aa32558a450
1 > Content-Type: application/json; charset=UTF-8
1 > Content-Length: 81
1 > Host: gorest.co.in
1 > Connection: Keep-Alive
1 > User-Agent: Apache-HttpClient/4.5.14 (Java/11.0.16.1)
1 > Accept-Encoding: gzip,deflate
{"name":"Inatel","gender":"Male","email":"Inatel@Software.com","status":"Active"}

12:38:38.821 [main] DEBUG com.intuit.karate - response time in milliseconds: 1478
1 < 201
1 < Date: Mon, 04 Dec 2023 15:38:38 GMT
1 < Content-Type: application/json; charset=utf-8
1 < Content-Length: 94
1 < Connection: keep-alive
1 < Cache-Control: max-age=0, private, must-revalidate
1 < etag: W/"def57f7d4702064c3dde05246751f0a3"
1 < location: https://gorest.co.in/public/v2/users/5810141
1 < referrer-policy: strict-origin-when-cross-origin
1 < vary: Origin
1 < x-content-type-options: nosniff
1 < x-download-options: noopen
1 < x-frame-options: SAMEORIGIN
1 < x-permitted-cross-domain-policies: none
1 < x-ratelimit-limit: 90
1 < x-ratelimit-remaining: 90
1 < x-ratelimit-reset: 1
1 < x-request-id: 5a0b2941-9ff8-4893-8eeb-ad0a948c29e8
1 < x-runtime: 0.087138
1 < x-xss-protection: 0
1 < CF-Cache-Status: DYNAMIC
1 < Report-To: {"endpoints":[{"url":"https:\/\/a.nel.cloudflare.com\/report\/v3?s=RFcyELYKL4abhPgRF8xvhGMfRCpZFj6h76B0z%2FD2g%2FZ1ogkgc61pmU6%2BPyh%2FqE97wSlfczW42U3fOy4WQLgn60qzap%2BKHnKJYYC9JA2KvPYOFNUWBMb9wAKE1eLyzdg%3D"}],"group":"cf-nel","max_age":604800}
1 < NEL: {"success_fraction":0,"report_to":"cf-nel","max_age":604800}
1 < Server: cloudflare
1 < CF-RAY: 8305232e48d477c3-GRU
1 < alt-svc: h3=":443"; ma=86400
{"id":5810141,"name":"Inatel","email":"Inatel@Software.com","gender":"male","status":"active"}

---------------------------------------------------------
feature: classpath:aula_karate/trabalho/trab.feature
scenarios:  6 | passed:  6 | failed:  0 | time: 6,9870
---------------------------------------------------------

Karate version: 1.4.1
======================================================
elapsed:   9,23 | threads:    1 | thread time: 6,99 
features:     1 | skipped:    0 | efficiency: 0,76
scenarios:    6 | passed:     6 | failed: 0
======================================================

HTML report: (paste into browser to view) | Karate version: 1.4.1
file:///C:/LABS_ADS/Laboratorio-S206/Maven/aula_inatel/target/karate-reports/karate-summary.html
===================================================================

]]></system-out>
  </testcase>
</testsuite>