<?xml version="1.0" encoding="UTF-8"?>
<testsuite xmlns:xsi="http://www.w3.org/2001/XMLSchema-instance" xsi:noNamespaceSchemaLocation="https://maven.apache.org/surefire/maven-surefire-plugin/xsd/surefire-test-report-3.0.xsd" version="3.0" name="aula_karate.star_wars.SwRunner" time="10.493" tests="2" errors="0" skipped="0" failures="0">
  <properties>
[...]
</properties>
  <testcase name="[1:3] Testando retorno people/1/." classname="aula_karate/star_wars/star_wars" time="6.348">
    <system-out><![CDATA[23:19:02.932 [main] DEBUG com.intuit.karate.Suite - [config] classpath:karate-config.js
23:19:04.366 [main] INFO  com.intuit.karate - karate.env system property was: null 
23:19:05.014 [main] DEBUG com.intuit.karate - request:
1 > GET https://swapi.dev/api/people/1/
1 > Host: swapi.dev
1 > Connection: Keep-Alive
1 > User-Agent: Apache-HttpClient/4.5.14 (Java/11.0.16.1)
1 > Accept-Encoding: gzip,deflate


23:19:09.254 [main] DEBUG com.intuit.karate - response time in milliseconds: 4228
1 < 200
1 < Server: nginx/1.16.1
1 < Date: Mon, 13 Nov 2023 02:19:09 GMT
1 < Content-Type: application/json
1 < Transfer-Encoding: chunked
1 < Connection: keep-alive
1 < Vary: Accept, Cookie
1 < X-Frame-Options: SAMEORIGIN
1 < ETag: "ee398610435c328f4d0a4e1b0d2f7bbc"
1 < Allow: GET, HEAD, OPTIONS
1 < Strict-Transport-Security: max-age=15768000
{"name":"Luke Skywalker","height":"172","mass":"77","hair_color":"blond","skin_color":"fair","eye_color":"blue","birth_year":"19BBY","gender":"male","homeworld":"https://swapi.dev/api/planets/1/","films":["https://swapi.dev/api/films/1/","https://swapi.dev/api/films/2/","https://swapi.dev/api/films/3/","https://swapi.dev/api/films/6/"],"species":[],"vehicles":["https://swapi.dev/api/vehicles/14/","https://swapi.dev/api/vehicles/30/"],"starships":["https://swapi.dev/api/starships/12/","https://swapi.dev/api/starships/22/"],"created":"2014-12-09T13:50:51.644000Z","edited":"2014-12-20T21:17:56.891000Z","url":"https://swapi.dev/api/people/1/"}

]]></system-out>
  </testcase>
  <testcase name="[2:8] Testando retorno people/1/ com informações inválidas." classname="aula_karate/star_wars/star_wars" time="3.142">
    <system-out><![CDATA[23:19:09.347 [main] INFO  com.intuit.karate - karate.env system property was: null 
23:19:09.353 [main] DEBUG com.intuit.karate - request:
1 > GET https://swapi.dev/api/people/1/1234
1 > Host: swapi.dev
1 > Connection: Keep-Alive
1 > User-Agent: Apache-HttpClient/4.5.14 (Java/11.0.16.1)
1 > Accept-Encoding: gzip,deflate


23:19:11.516 [main] DEBUG com.intuit.karate - response time in milliseconds: 2163
1 < 404
1 < Server: nginx/1.16.1
1 < Date: Mon, 13 Nov 2023 02:19:11 GMT
1 < Content-Type: text/html
1 < Transfer-Encoding: chunked
1 < Connection: keep-alive
1 < X-Frame-Options: SAMEORIGIN
1 < ETag: "06652bbfa1a35126f558de90b1771a66"

<!DOCTYPE html>
<html lang="en">
<head>
  <meta http-equiv="content-type" content="text/html; charset=utf-8">
  <title>Page not found at /api/people/1/1234/</title>
  <meta name="robots" content="NONE,NOARCHIVE">
  <style type="text/css">
    html * { padding:0; margin:0; }
    body * { padding:10px 20px; }
    body * * { padding:0; }
    body { font:small sans-serif; background:#eee; }
    body>div { border-bottom:1px solid #ddd; }
    h1 { font-weight:normal; margin-bottom:.4em; }
    h1 span { font-size:60%; color:#666; font-weight:normal; }
    table { border:none; border-collapse: collapse; width:100%; }
    td, th { vertical-align:top; padding:2px 3px; }
    th { width:12em; text-align:right; color:#666; padding-right:.5em; }
    #info { background:#f6f6f6; }
    #info ol { margin: 0.5em 4em; }
    #info ol li { font-family: monospace; }
    #summary { background: #ffc; }
    #explanation { background:#eee; border-bottom: 0px none; }
  </style>
</head>
<body>
  <div id="summary">
    <h1>Page not found <span>(404)</span></h1>
    <table class="meta">
      <tr>
        <th>Request Method:</th>
        <td>GET</td>
      </tr>
      <tr>
        <th>Request URL:</th>
      <td>https://swapi.dev/api/people/1/1234/</td>
      </tr>
    </table>
  </div>
  <div id="info">
    
      <p>
      Using the URLconf defined in <code>swapi.urls</code>,
      Django tried these URL patterns, in this order:
      </p>
      <ol>
        
          <li>
            
                ^admin/
                
            
          </li>
        
          <li>
            
                ^$
                
            
          </li>
        
          <li>
            
                ^documentation$
                
            
          </li>
        
          <li>
            
                ^about$
                
            
          </li>
        
          <li>
            
                ^stats$
                
            
          </li>
        
          <li>
            
                ^stripe/donation
                
            
          </li>
        
          <li>
            
                ^api/people/schema$
                
            
          </li>
        
          <li>
            
                ^api/planets/schema$
                
            
          </li>
        
          <li>
            
                ^api/films/schema$
                
            
          </li>
        
          <li>
            
                ^api/species/schema$
                
            
          </li>
        
          <li>
            
                ^api/vehicles/schema$
                
            
          </li>
        
          <li>
            
                ^api/starships/schema$
                
            
          </li>
        
          <li>
            
                ^api/
                
            
                ^$
                [name='api-root']
            
          </li>
        
          <li>
            
                ^api/
                
            
                ^\.(?P&lt;format&gt;[a-z0-9]+)$
                [name='api-root']
            
          </li>
        
          <li>
            
                ^api/
                
            
                ^people/$
                [name='people-list']
            
          </li>
        
          <li>
            
                ^api/
                
            
                ^people/\.(?P&lt;format&gt;[a-z0-9]+)$
                [name='people-list']
            
          </li>
        
          <li>
            
                ^api/
                
            
                ^people/(?P&lt;pk&gt;[^/.]+)/$
                [name='people-detail']
            
          </li>
        
          <li>
            
                ^api/
                
            
                ^people/(?P&lt;pk&gt;[^/.]+)/\.(?P&lt;format&gt;[a-z0-9]+)$
                [name='people-detail']
            
          </li>
        
          <li>
            
                ^api/
                
            
                ^planets/$
                [name='planet-list']
            
          </li>
        
          <li>
            
                ^api/
                
            
                ^planets/\.(?P&lt;format&gt;[a-z0-9]+)$
                [name='planet-list']
            
          </li>
        
          <li>
            
                ^api/
                
            
                ^planets/(?P&lt;pk&gt;[^/.]+)/$
                [name='planet-detail']
            
          </li>
        
          <li>
            
                ^api/
                
            
                ^planets/(?P&lt;pk&gt;[^/.]+)/\.(?P&lt;format&gt;[a-z0-9]+)$
                [name='planet-detail']
            
          </li>
        
          <li>
            
                ^api/
                
            
                ^films/$
                [name='film-list']
            
          </li>
        
          <li>
            
                ^api/
                
            
                ^films/\.(?P&lt;format&gt;[a-z0-9]+)$
                [name='film-list']
            
          </li>
        
          <li>
            
                ^api/
                
            
                ^films/(?P&lt;pk&gt;[^/.]+)/$
                [name='film-detail']
            
          </li>
        
          <li>
            
                ^api/
                
            
                ^films/(?P&lt;pk&gt;[^/.]+)/\.(?P&lt;format&gt;[a-z0-9]+)$
                [name='film-detail']
            
          </li>
        
          <li>
            
                ^api/
                
            
                ^species/$
                [name='species-list']
            
          </li>
        
          <li>
            
                ^api/
                
            
                ^species/\.(?P&lt;format&gt;[a-z0-9]+)$
                [name='species-list']
            
          </li>
        
          <li>
            
                ^api/
                
            
                ^species/(?P&lt;pk&gt;[^/.]+)/$
                [name='species-detail']
            
          </li>
        
          <li>
            
                ^api/
                
            
                ^species/(?P&lt;pk&gt;[^/.]+)/\.(?P&lt;format&gt;[a-z0-9]+)$
                [name='species-detail']
            
          </li>
        
          <li>
            
                ^api/
                
            
                ^vehicles/$
                [name='vehicle-list']
            
          </li>
        
          <li>
            
                ^api/
                
            
                ^vehicles/\.(?P&lt;format&gt;[a-z0-9]+)$
                [name='vehicle-list']
            
          </li>
        
          <li>
            
                ^api/
                
            
                ^vehicles/(?P&lt;pk&gt;[^/.]+)/$
                [name='vehicle-detail']
            
          </li>
        
          <li>
            
                ^api/
                
            
                ^vehicles/(?P&lt;pk&gt;[^/.]+)/\.(?P&lt;format&gt;[a-z0-9]+)$
                [name='vehicle-detail']
            
          </li>
        
          <li>
            
                ^api/
                
            
                ^starships/$
                [name='starship-list']
            
          </li>
        
          <li>
            
                ^api/
                
            
                ^starships/\.(?P&lt;format&gt;[a-z0-9]+)$
                [name='starship-list']
            
          </li>
        
          <li>
            
                ^api/
                
            
                ^starships/(?P&lt;pk&gt;[^/.]+)/$
                [name='starship-detail']
            
          </li>
        
          <li>
            
                ^api/
                
            
                ^starships/(?P&lt;pk&gt;[^/.]+)/\.(?P&lt;format&gt;[a-z0-9]+)$
                [name='starship-detail']
            
          </li>
        
      </ol>
      <p>The current URL, <code>api/people/1/1234/</code>, didn't match any of these.</p>
    
  </div>

  <div id="explanation">
    <p>
      You're seeing this error because you have <code>DEBUG = True</code> in
      your Django settings file. Change that to <code>False</code>, and Django
      will display a standard 404 page.
    </p>
  </div>
</body>
</html>


---------------------------------------------------------
feature: classpath:aula_karate/star_wars/star_wars.feature
scenarios:  2 | passed:  2 | failed:  0 | time: 7,0964
---------------------------------------------------------

Karate version: 1.4.1
======================================================
elapsed:   9,42 | threads:    1 | thread time: 7,10 
features:     1 | skipped:    0 | efficiency: 0,75
scenarios:    2 | passed:     2 | failed: 0
======================================================

HTML report: (paste into browser to view) | Karate version: 1.4.1
file:///C:/LABS_ADS/Laboratorio-S206/Maven/aula_inatel/target/karate-reports/karate-summary.html
===================================================================

]]></system-out>
  </testcase>
</testsuite>